KCPSM6 Assembler log file for program 'C:\Users\ofers\OneDrive\Documents\vivado_projects\VHDL LAB\lab_5\sw\lab_5.psm'.
Generated by KCPSM6 version v2.70
Ken Chapman - Xilinx Ltd - 16th May 2014

Assembly datestamp: 07 May 2023
Assembly timestamp: 11:38:20

Contents
  Assembly listing
  List of PSM files
  List of CONSTANTs
  List of TABLEs
  List of STRINGs
  List of line labels
  Instruction usage statistics


Last occupied address: 021 hex
Nominal program memory size: 1K (1024)   address(9:0)
Actual memory size: 4096
  (Default memory size)
Occupied memory locations: 34
Memory locations available: 4062


Assembly listing

 Addr Code                    Instruction

 000                          CONSTANT thedelay, 0E
 000                          ; for_k -> 2x
 000                          ;   for_j -> x(2x+3)
 000                          ;    for_i -> x(3+x(2x+3)) ~ 3x+x^2*(2x+3) ~ 3x+2x^3+3x^2 = 2x^3+3x^2+3x
 000                          ;     ~ 2x^3
 000                          ; (2x^3)[instructions] * 2[cycles/instruction] = 2000000
 000                          ; x^3=500000
 000                          ; x~80
 000                          CONSTANT numOfSamples, 14
 000                          ;myport_in          DSIN     2
 000                          ;myport_out          DSOUT     1
 000                          NAMEREG s0, loopCounter
 000                          NAMEREG s1, inReg
 000                          NAMEREG s2, compReg
 000                          NAMEREG s3, delay_i
 000                          NAMEREG s4, delay_j
 000                          NAMEREG s5, delay_k
 000                    init: 
 000                   start: 
 000  20010                   CALL 010[debounce]
 001  20021                   CALL 021[output0]
 002  22000                   JUMP 000[start]
 003                   delay: 
 003  01300                   LOAD s3[delay_i], 00
 004                   for_i: 
 004  01400                   LOAD s4[delay_j], 00
 005                   for_j: 
 005  01500                   LOAD s5[delay_k], 00
 006                   for_k: 
 006  11501                   ADD s5[delay_k], 01
 007  1D50E                   COMPARE s5[delay_k], 0E[thedelay]
 008  36006                   JUMP NZ, 006[for_k]
 009  11401                   ADD s4[delay_j], 01
 00A  1D40E                   COMPARE s4[delay_j], 0E[thedelay]
 00B  36005                   JUMP NZ, 005[for_j]
 00C  11301                   ADD s3[delay_i], 01
 00D  1D30E                   COMPARE s3[delay_i], 0E[thedelay]
 00E  36004                   JUMP NZ, 004[for_i]
 00F  25000                   RETURN 
 010                debounce: 
 010                          ;reading 20 times the input and delay at each iteration
 010  01000                   LOAD s0[loopCounter], 00
 011            read_in_loop: 
 011  2001E                   CALL 01E[input0]
 012  20003                   CALL 003[delay]
 013  11001                   ADD s0[loopCounter], 01
 014  1D014                   COMPARE s0[loopCounter], 14[numOfSamples]
 015  36011                   JUMP NZ, 011[read_in_loop]
 016  01000                   LOAD s0[loopCounter], 00
 017         comparison_loop: 
 017  0A200                   FETCH s2[compReg], (s0[loopCounter])
 018  1C210                   COMPARE s2[compReg], s1[inReg]
 019  36000                   JUMP NZ, 000[start]
 01A  11001                   ADD s0[loopCounter], 01
 01B  1D014                   COMPARE s0[loopCounter], 14[numOfSamples]
 01C  36017                   JUMP NZ, 017[comparison_loop]
 01D  25000                   RETURN 
 01E                  input0: 
 01E  09102                   INPUT s1[inReg], 02
 01F  2E100                   STORE s1[inReg], (s0[loopCounter])
 020  25000                   RETURN 
 021                 output0: 
 021  2D101                   OUTPUT s1[inReg], 01


All unused memory locations contain zero (equivalent to 'LOAD s0, s0')



List of PSM files that have been assembled

C:\Users\ofers\OneDrive\Documents\vivado_projects\VHDL LAB\lab_5\sw\lab_5.psm



List of defined constants

 CONSTANT name     Value        Source PSM File

 timestamp_hours   11'd         
 timestamp_minutes 38'd         
 timestamp_seconds 20'd         
 datestamp_year    23'd         
 datestamp_month   5'd          
 datestamp_day     07'd         
 NUL               00           
 BEL               07           
 BS                08           
 HT                09           
 LF                0A           
 VT                0B           
 CR                0D           
 ESC               1B           
 DEL               7F           
 DCS               90           
 ST                9C           
 thedelay          0E           lab_5.psm
 numOfSamples      14           lab_5.psm



No TABLEs defined



List of text strings

 STRING name       String         Source PSM File

 KCPSM6_version$   "v2.70"        
 datestamp$        "07 May 2023"  
 timestamp$        "11:38:20"     



List of line labels

   Label             Addr  Source PSM File

 * init              000   lab_5.psm
   start             000   lab_5.psm
   delay             003   lab_5.psm
   for_i             004   lab_5.psm
   for_j             005   lab_5.psm
   for_k             006   lab_5.psm
   debounce          010   lab_5.psm
   read_in_loop      011   lab_5.psm
   comparison_loop   017   lab_5.psm
   input0            01E   lab_5.psm
   output0           021   lab_5.psm

      * Line label has not been referenced in any instructions.
        Hint - This may indicate unused code that could be
               removed to reduce the size of this program.



Instruction usage statistics

 Instruction    Instances

 LOAD              5
 STAR              -

 AND               -
 OR                -
 XOR               -

 ADD               5
 ADDCY             -
 SUB               -
 SUBCY             -

 TEST              -
 TESTCY            -
 COMPARE           6
 COMPARECY         -

 SL0               -
 SL1               -
 SLX               -
 SLA               -
 RL                -
 SR0               -
 SR1               -
 SRX               -
 SRA               -
 RR                -

 REGBANK           -

 INPUT             1
 OUTPUT            1
 OUTPUTK           -

 STORE             1
 FETCH             1

 DISABLE           -
 ENABLE            -
 RETURNI           -

 JUMP              7
 JUMP@             -
 CALL              4
 CALL@             -
 RETURN            3
 LOAD&RETURN       -

 HWBUILD           -



End of KCPSM6 log file.
