#-----------------------------------------------------------
# Vivado v2019.1 (64-bit)
# SW Build 2552052 on Fri May 24 14:49:42 MDT 2019
# IP Build 2548770 on Fri May 24 18:01:18 MDT 2019
# Start of session at: Sun May 21 09:24:12 2023
# Process ID: 20936
# Current directory: C:/Users/ofers/OneDrive/Documents/vivado_projects/VHDL LAB/lab_5
# Command line: vivado.exe -gui_launcher_event rodinguilauncherevent17244 C:\Users\ofers\OneDrive\Documents\vivado_projects\VHDL LAB\lab_5\lab_5.xpr
# Log file: C:/Users/ofers/OneDrive/Documents/vivado_projects/VHDL LAB/lab_5/vivado.log
# Journal file: C:/Users/ofers/OneDrive/Documents/vivado_projects/VHDL LAB/lab_5\vivado.jou
#-----------------------------------------------------------
start_gui
open_project {C:/Users/ofers/OneDrive/Documents/vivado_projects/VHDL LAB/lab_5/lab_5.xpr}
Scanning sources...
Finished scanning sources
INFO: [IP_Flow 19-234] Refreshing IP repositories
INFO: [IP_Flow 19-1704] No user IP repositories specified
INFO: [IP_Flow 19-2313] Loaded Vivado IP repository 'D:/Vivado/2019.1/data/ip'.
open_project: Time (s): cpu = 00:00:32 ; elapsed = 00:00:18 . Memory (MB): peak = 721.629 ; gain = 112.309
update_compile_order -fileset sources_1
exit
INFO: [Common 17-206] Exiting Vivado at Sun May 21 10:27:51 2023...
