Copyright 1986-2019 Xilinx, Inc. All Rights Reserved.
------------------------------------------------------------------------------------
| Tool Version : Vivado v.2019.1 (win64) Build 2552052 Fri May 24 14:49:42 MDT 2019
| Date         : Sun May  7 14:18:25 2023
| Host         : DESKTOP-222UEBV running 64-bit major release  (build 9200)
| Command      : report_control_sets -verbose -file top_control_sets_placed.rpt
| Design       : top
| Device       : xc7a35t
------------------------------------------------------------------------------------

Control Set Information

Table of Contents
-----------------
1. Summary
2. Histogram
3. Flip-Flop Distribution
4. Detailed Control Set Information

1. Summary
----------

+----------------------------------------------------------+-------+
|                          Status                          | Count |
+----------------------------------------------------------+-------+
| Total control sets                                       |    10 |
|    Minimum number of control sets                        |    10 |
|    Addition due to synthesis replication                 |     0 |
|    Addition due to physical synthesis replication        |     0 |
| Unused register locations in slices containing registers |    21 |
+----------------------------------------------------------+-------+
* Control sets can be merged at opt_design using control_set_merge or merge_equivalent_drivers
** Run report_qor_suggestions for automated merging and remapping suggestions


2. Histogram
------------

+--------------------+-------+
|       Fanout       | Count |
+--------------------+-------+
| Total control sets |    10 |
| >= 0 to < 4        |     1 |
| >= 4 to < 6        |     2 |
| >= 6 to < 8        |     1 |
| >= 8 to < 10       |     2 |
| >= 10 to < 12      |     0 |
| >= 12 to < 14      |     1 |
| >= 14 to < 16      |     0 |
| >= 16              |     3 |
+--------------------+-------+
* Control sets can be remapped at either synth_design or opt_design


3. Flip-Flop Distribution
-------------------------

+--------------+-----------------------+------------------------+-----------------+--------------+
| Clock Enable | Synchronous Set/Reset | Asynchronous Set/Reset | Total Registers | Total Slices |
+--------------+-----------------------+------------------------+-----------------+--------------+
| No           | No                    | No                     |              59 |           20 |
| No           | No                    | Yes                    |               0 |            0 |
| No           | Yes                   | No                     |              14 |            6 |
| Yes          | No                    | No                     |               4 |            2 |
| Yes          | No                    | Yes                    |               0 |            0 |
| Yes          | Yes                   | No                     |              14 |            4 |
+--------------+-----------------------+------------------------+-----------------+--------------+


4. Detailed Control Set Information
-----------------------------------

+-----------------+----------------------------------+----------------------------+------------------+----------------+
|   Clock Signal  |           Enable Signal          |      Set/Reset Signal      | Slice Load Count | Bel Load Count |
+-----------------+----------------------------------+----------------------------+------------------+----------------+
|  clk_IBUF_BUFG  | processor/flag_enable            | processor/I1               |                1 |              2 |
|  processor/E[0] |                                  |                            |                1 |              4 |
|  clk_IBUF_BUFG  | processor/write_strobe_flop_0[0] |                            |                2 |              4 |
|  clk_IBUF_BUFG  |                                  | processor/I1               |                3 |              6 |
|  clk_IBUF_BUFG  |                                  | program_rom/instruction[7] |                3 |              8 |
|  clk_IBUF_BUFG  | processor/spm_enable             |                            |                2 |              8 |
|  clk_IBUF_BUFG  | processor/t_state_0              | processor/I1               |                3 |             12 |
|  clk_IBUF_BUFG  | processor/register_enable        |                            |                2 |             16 |
|  clk_IBUF_BUFG  | processor/t_state_0              |                            |                2 |             16 |
|  clk_IBUF_BUFG  |                                  |                            |               19 |             55 |
+-----------------+----------------------------------+----------------------------+------------------+----------------+


